<s> roed - larsen : middle east a gunpowder barrel with a lit fuse . </s>
<s> oslo , feb 6 ( afp ) former united nations envoy to the middle east terje roed larsen considered that the situation in the region has never been on the degree of danger which is today , comparing the region to a gunpowder barrel with a lit fuse . </s>
<s> roed - larsen said , speaking for the norwegian public radio that kay that he may now be comparing the region from several districts in the barrel of a gun with a lit fuse . </s>
<s> he added , " i believe that the situation more difficult and more complicated and dangerous than it was several decades ago . </s>
<s> among the existing or potential crises in the middle east , roed - larsen said the arab - israeli conflict and the iranian nuclear file and crisis between lebanon and syria . </s>
<s> he said that all this brings us back to the issues of fundamental values and views an exhibition at any moment to make the situation get out of control more than what it was in recent days . </s>
<s> he did not mention the rod to march openly acts of violence that took place during demonstrations in the islamic world in protest against the publication of cartoons of the prophet muhammad in european newspapers only to emphasize the necessity of dialogue instead of throwing stones and set ablaze . </s>
<s> demonstrators burned danish and norwegian embassies in damascus saturday , while building burned buildings that includes the office of the danish embassy in beirut in response to the publication of the cartoons in september in danish yalandis boston newspaper and redeploy them later in a number of european mass media , in the forefront of the magazine ماغازين accuse norwegian </s>
<s> roed - larsen is currently in charge of monitoring the implementation of security council resolution 1559 which stipulates on the disarmament of the militias and armed groups in lebanon , including in the eyes of the international organization of the lebanese shiite hezbollah and palestinian groups . </s>
<s> secretary - general kofi annan the zayed prize value will be allocated for the establishment of the institution for agriculture and girls ' education in africa . </s>
<s> dubai , feb 7 ( afp ) secretary - general of the united nations secretary - general kofi annan said that he would allocate $ zayed international prize for the environment that it received monday night in dubai and $ 500 thousand dollars for the establishment of an institution for agriculture and girls ' education in the african continent . </s>
<s> annan confirmed in a speech during a ceremony to receive the prize that he decided to use the prize - institution will assume sent to work in africa in the fields of agriculture and education of girls . </s>
<s> he clarified that he chose the agriculture to african nations in need to green revolution and teach girls because there is no other means for more effective development . </s>
<s> the zayed international prize for the environment , which opened in 1998 in the name of the founder of the united arab emirates sheikh zayed bin sultan al nahyan , once every two years for people who are known in the field of environmental defense and the total value to $ 1 million prizes . </s>
<s> in addition to annan got the millennium ekeus " اسيسمنت , based in malaysia , and includes about 1,360 experts in the field of environment on the scientific research prize worth 300,000 dollars . </s>
<s> former indonesian environment minister emil salim and senator angela cropper , responsible for institution to defend the environment in trinidad and tobago award allocated for non - governmental organizations , which is estimated by two hundred thousand dollars . </s>
<s> the vice president of the united arab emirates prime minister and ruler of dubai , sheikh mohammed bin rashid al maktoum received annan monday . </s>
<s> sheikh mohammad confirmed during the meeting that focused on iraq and the arab - israeli conflict need to resort to settle disputes and resolve the problems peacefully away from violence and arms race and double standards to guarantee to achieve and provide justice and freedom for all peoples , according to the news agency of the united arab emirates . </s>
<s> came the handing over of the zayed international prize for the environment within the seminars and conferences concerned with the environment hosted by dubai between the ninth session of the governing council of the united nations environment program and the global ministerial environment forum </s>
<s> dubai also hosted the international conference on disposal of chemical products which ended monday and discussed ways to reduce the risk of chemical products in the world . </s>
<s> the conference is supposed to adopt an agreement in this regard , however , an official in the united nations said to agence france presse that this did not happen because of the problems relating to the financing . </s>
<s> mayor belgian prevents a work of art showing saddam hussein . </s>
<s> brussels , feb 7 ( afp ) declared mayor middle kirk west belgium michel to dwight told agence france presse that it decided to ban the controversial technical work showing the deposed iraqi president saddam hussein was chained and pioneering signed by czech artist david will see me considering that shocks feelings . </s>
<s> seaside resort municipality head color dwight said small belgian justified his decision monday that the technical work can only that shocked the people 's feelings , not of the sons of the region as well as tourists and perhaps people of other faith , especially muslims . </s>
<s> but he clarified that the work of art was about a year ago and has nothing to do with the publication of cartoons of the prophet mohammed in europe , and which resulted in the last days of violence and a wave of condemnation in the islamic world . </s>
<s> the work of art entitled " shark " shows saddam hussein chained floating in the basin is full of liquid . </s>
<s> he was scheduled to be presented within the framework of بوفور 2006 arts festival </s>
<s> michel said that dwight considered that shocks feelings , confirming that saddam hussein is currently under trial and sessions on television . </s>
<s> the sharks for the first time in prague 2 international exhibition which is organized every two years , was held between may and september 2005 . </s>
<s> david will see me ( 38 years ) was famous for its provocative acts and his opinion on the lists , which refers to the emigration of east germans to the west in 1989 . </s>
<s> in october 2004 , prague municipality gave up implementation of a memorial for the resistance movement against nazi design he considered insulting to the veterans of the second world war . </s>
